============================= test session starts ==============================
platform linux -- Python 3.14.2, pytest-9.0.3, pluggy-1.6.0 -- /opt/venv/bin/python
cachedir: .pytest_cache
rootdir: /app/backend
configfile: pyproject.toml
plugins: Faker-40.15.0, asyncio-1.3.0, logfire-4.32.1, anyio-4.13.0
asyncio: mode=Mode.AUTO, debug=False, asyncio_default_fixture_loop_scope=None, asyncio_default_test_loop_scope=function
collecting ... collected 2 items

backend/tests/test_viral_support_urgent.py::test_urgent_support_endpoint PASSED [ 50%]
backend/tests/test_viral_support_urgent.py::test_urgent_support_invalid_phone PASSED [100%]

======================== 2 passed, 2 warnings in 20.76s ========================
